<?xml version="1.0" encoding="utf-8"?>
<TestRun id="55d9db69-a866-49a9-8fb6-8b6bc288edb8" name="@Mds-MacBook-Air 2025-11-13 03:53:50" xmlns="http://microsoft.com/schemas/VisualStudio/TeamTest/2010">
  <Times creation="2025-11-13T03:53:50.7283550+06:00" queuing="2025-11-13T03:53:50.7283550+06:00" start="2025-11-13T03:53:50.4241840+06:00" finish="2025-11-13T03:53:50.7285940+06:00" />
  <TestSettings name="default" id="e3c5e5fd-e917-4ee1-bfd5-9e75f4dff251">
    <Deployment runDeploymentRoot="_Mds-MacBook-Air_2025-11-13_03_53_50" />
  </TestSettings>
  <TestLists>
    <TestList name="Results Not in a List" id="8c84fa94-04c1-424b-9868-57a2d4851a1d" />
    <TestList name="All Loaded Results" id="19431567-8539-422a-85d7-44ee4e166bda" />
  </TestLists>
  <ResultSummary outcome="Completed">
    <Counters total="0" executed="0" passed="0" failed="0" error="0" timeout="0" aborted="0" inconclusive="0" passedButRunAborted="0" notRunnable="0" notExecuted="0" disconnected="0" warning="0" completed="0" inProgress="0" pending="0" />
    <Output>
      <StdOut>[xUnit.net 00:00:00.00] xUnit.net VSTest Adapter v3.0.0+e341b939fe (64-bit .NET 9.0.10)
[xUnit.net 00:00:00.03]   Discovering: UnitTests
[xUnit.net 00:00:00.04]   Discovered:  UnitTests
</StdOut>
    </Output>
    <RunInfos>
      <RunInfo computerName="Mds-MacBook-Air" outcome="Warning" timestamp="2025-11-13T03:53:50.6928580+06:00">
        <Text>No test matches the given testcase filter `FullyQualifiedName~IntegrationTests` in /Users/shihab/Downloads/Event_Management/event-management-backend/Tests/UnitTests/bin/Debug/net9.0/UnitTests.dll</Text>
      </RunInfo>
    </RunInfos>
  </ResultSummary>
</TestRun>